2017-08-23 09:02:08,928 INFO [org.springframework.context.support.ClassPathXmlApplicationContext] - Refreshing org.springframework.context.support.ClassPathXmlApplicationContext@21a06946: startup date [Wed Aug 23 09:02:08 GMT+08:00 2017]; root of context hierarchy
2017-08-23 09:02:09,006 INFO [org.springframework.beans.factory.xml.XmlBeanDefinitionReader] - Loading XML bean definitions from class path resource [applicationContext.xml]
2017-08-23 09:02:10,364 INFO [com.mchange.v2.log.MLog] - MLog clients using log4j logging.
2017-08-23 09:02:10,704 INFO [com.mchange.v2.c3p0.C3P0Registry] - Initializing c3p0-0.9.1.2 [built 21-May-2007 15:04:56; debug? true; trace: 10]
2017-08-23 09:02:11,519 INFO [com.mchange.v2.c3p0.impl.AbstractPoolBackedDataSource] - Initializing c3p0 pool... com.mchange.v2.c3p0.ComboPooledDataSource [ acquireIncrement -> 3, acquireRetryAttempts -> 30, acquireRetryDelay -> 1000, autoCommitOnClose -> false, automaticTestTable -> null, breakAfterAcquireFailure -> false, checkoutTimeout -> 0, connectionCustomizerClassName -> null, connectionTesterClassName -> com.mchange.v2.c3p0.impl.DefaultConnectionTester, dataSourceName -> 1hge21c9q3hytpbvlzgl5|c333c60, debugUnreturnedConnectionStackTraces -> false, description -> null, driverClass -> org.gjt.mm.mysql.Driver, factoryClassLocation -> null, forceIgnoreUnresolvedTransactions -> false, identityToken -> 1hge21c9q3hytpbvlzgl5|c333c60, idleConnectionTestPeriod -> 0, initialPoolSize -> 1, jdbcUrl -> jdbc:mysql://localhost:3306/crm, maxAdministrativeTaskTime -> 0, maxConnectionAge -> 0, maxIdleTime -> 1, maxIdleTimeExcessConnections -> 0, maxPoolSize -> 1, maxStatements -> 0, maxStatementsPerConnection -> 0, minPoolSize -> 1, numHelperThreads -> 3, numThreadsAwaitingCheckoutDefaultUser -> 0, preferredTestQuery -> null, properties -> {user=******, password=******}, propertyCycle -> 0, testConnectionOnCheckin -> false, testConnectionOnCheckout -> false, unreturnedConnectionTimeout -> 0, usesTraditionalReflectiveProxies -> false ]
2017-08-23 09:02:12,054 DEBUG [com.zhiyou100.ssm.vo.mapping.EmpNS.doCreate] - ==>  Preparing: INSERT INTO emp(empno,deptno,ename,job,sal,comm,mgr,hiredate,create_time) VALUES(?,?,?,?,?,?,?,?,?) 
2017-08-23 09:02:12,127 DEBUG [com.zhiyou100.ssm.vo.mapping.EmpNS.doCreate] - ==> Parameters: 9565(Integer), 0(Integer), 小刚9565(String), 程序员(String), 24099.0(Double), 21813.0(Double), 1387(Integer), 2013-12-29 16:47:53.739(Timestamp), 2013-12-29 16:47:53.739(Timestamp)
2017-08-23 09:02:12,163 DEBUG [com.zhiyou100.ssm.vo.mapping.EmpNS.doCreate] - <==    Updates: 1
2017-08-23 09:02:12,196 INFO [com.zhiyou100.ssm.test.EmpServiceImplTest] - true
2017-08-23 09:03:26,671 INFO [org.springframework.context.support.ClassPathXmlApplicationContext] - Refreshing org.springframework.context.support.ClassPathXmlApplicationContext@21a06946: startup date [Wed Aug 23 09:03:26 GMT+08:00 2017]; root of context hierarchy
2017-08-23 09:03:26,764 INFO [org.springframework.beans.factory.xml.XmlBeanDefinitionReader] - Loading XML bean definitions from class path resource [applicationContext.xml]
2017-08-23 09:03:27,652 INFO [com.mchange.v2.log.MLog] - MLog clients using log4j logging.
2017-08-23 09:03:27,847 INFO [com.mchange.v2.c3p0.C3P0Registry] - Initializing c3p0-0.9.1.2 [built 21-May-2007 15:04:56; debug? true; trace: 10]
2017-08-23 09:04:23,369 INFO [org.springframework.context.support.ClassPathXmlApplicationContext] - Refreshing org.springframework.context.support.ClassPathXmlApplicationContext@21a06946: startup date [Wed Aug 23 09:04:23 GMT+08:00 2017]; root of context hierarchy
2017-08-23 09:04:23,465 INFO [org.springframework.beans.factory.xml.XmlBeanDefinitionReader] - Loading XML bean definitions from class path resource [applicationContext.xml]
2017-08-23 09:04:24,388 INFO [com.mchange.v2.log.MLog] - MLog clients using log4j logging.
2017-08-23 09:04:24,578 INFO [com.mchange.v2.c3p0.C3P0Registry] - Initializing c3p0-0.9.1.2 [built 21-May-2007 15:04:56; debug? true; trace: 10]
2017-08-23 09:04:25,286 INFO [com.mchange.v2.c3p0.impl.AbstractPoolBackedDataSource] - Initializing c3p0 pool... com.mchange.v2.c3p0.ComboPooledDataSource [ acquireIncrement -> 3, acquireRetryAttempts -> 30, acquireRetryDelay -> 1000, autoCommitOnClose -> false, automaticTestTable -> null, breakAfterAcquireFailure -> false, checkoutTimeout -> 0, connectionCustomizerClassName -> null, connectionTesterClassName -> com.mchange.v2.c3p0.impl.DefaultConnectionTester, dataSourceName -> 1hge21c9q3i1p4ay6uwsi|c333c60, debugUnreturnedConnectionStackTraces -> false, description -> null, driverClass -> org.gjt.mm.mysql.Driver, factoryClassLocation -> null, forceIgnoreUnresolvedTransactions -> false, identityToken -> 1hge21c9q3i1p4ay6uwsi|c333c60, idleConnectionTestPeriod -> 0, initialPoolSize -> 1, jdbcUrl -> jdbc:mysql://localhost:3306/crm, maxAdministrativeTaskTime -> 0, maxConnectionAge -> 0, maxIdleTime -> 1, maxIdleTimeExcessConnections -> 0, maxPoolSize -> 1, maxStatements -> 0, maxStatementsPerConnection -> 0, minPoolSize -> 1, numHelperThreads -> 3, numThreadsAwaitingCheckoutDefaultUser -> 0, preferredTestQuery -> null, properties -> {user=******, password=******}, propertyCycle -> 0, testConnectionOnCheckin -> false, testConnectionOnCheckout -> false, unreturnedConnectionTimeout -> 0, usesTraditionalReflectiveProxies -> false ]
2017-08-23 09:04:25,671 DEBUG [com.zhiyou100.ssm.vo.mapping.EmpNS.doCreate] - ==>  Preparing: INSERT INTO emp(empno,deptno,ename,job,sal,comm,mgr,hiredate,create_time) VALUES(?,?,?,?,?,?,?,?,?) 
2017-08-23 09:04:25,742 DEBUG [com.zhiyou100.ssm.vo.mapping.EmpNS.doCreate] - ==> Parameters: 9171(Integer), 17(Integer), 小刚9171(String), 程序员(String), 24532.0(Double), 40965.0(Double), 3458(Integer), 1998-06-05 12:08:07.752(Timestamp), 1998-06-05 12:08:07.752(Timestamp)
2017-08-23 09:04:25,763 DEBUG [com.zhiyou100.ssm.vo.mapping.EmpNS.doCreate] - <==    Updates: 1
2017-08-23 09:04:25,807 INFO [com.zhiyou100.ssm.test.EmpServiceImplTest] - true
2017-08-23 11:13:08,119 INFO [org.springframework.context.support.ClassPathXmlApplicationContext] - Refreshing org.springframework.context.support.ClassPathXmlApplicationContext@7a92922: startup date [Wed Aug 23 11:13:08 GMT+08:00 2017]; root of context hierarchy
2017-08-23 11:13:08,213 INFO [org.springframework.beans.factory.xml.XmlBeanDefinitionReader] - Loading XML bean definitions from class path resource [applicationContext.xml]
2017-08-23 11:13:09,570 INFO [com.mchange.v2.log.MLog] - MLog clients using log4j logging.
2017-08-23 11:13:09,789 INFO [com.mchange.v2.c3p0.C3P0Registry] - Initializing c3p0-0.9.1.2 [built 21-May-2007 15:04:56; debug? true; trace: 10]
2017-08-23 11:13:10,585 INFO [com.mchange.v2.c3p0.impl.AbstractPoolBackedDataSource] - Initializing c3p0 pool... com.mchange.v2.c3p0.ComboPooledDataSource [ acquireIncrement -> 3, acquireRetryAttempts -> 30, acquireRetryDelay -> 1000, autoCommitOnClose -> false, automaticTestTable -> null, breakAfterAcquireFailure -> false, checkoutTimeout -> 0, connectionCustomizerClassName -> null, connectionTesterClassName -> com.mchange.v2.c3p0.impl.DefaultConnectionTester, dataSourceName -> 1hge21c9q3mn9wi1m4acwb|5fd4f8f5, debugUnreturnedConnectionStackTraces -> false, description -> null, driverClass -> org.gjt.mm.mysql.Driver, factoryClassLocation -> null, forceIgnoreUnresolvedTransactions -> false, identityToken -> 1hge21c9q3mn9wi1m4acwb|5fd4f8f5, idleConnectionTestPeriod -> 0, initialPoolSize -> 1, jdbcUrl -> jdbc:mysql://localhost:3306/crm, maxAdministrativeTaskTime -> 0, maxConnectionAge -> 0, maxIdleTime -> 1, maxIdleTimeExcessConnections -> 0, maxPoolSize -> 1, maxStatements -> 0, maxStatementsPerConnection -> 0, minPoolSize -> 1, numHelperThreads -> 3, numThreadsAwaitingCheckoutDefaultUser -> 0, preferredTestQuery -> null, properties -> {user=******, password=******}, propertyCycle -> 0, testConnectionOnCheckin -> false, testConnectionOnCheckout -> false, unreturnedConnectionTimeout -> 0, usesTraditionalReflectiveProxies -> false ]
2017-08-23 11:13:11,116 DEBUG [com.zhiyou100.ssm.vo.mapping.EmpNS.doRemove] - ==>  Preparing: DELETE FROM emp WHERE empno=? 
2017-08-23 11:13:11,179 DEBUG [com.zhiyou100.ssm.vo.mapping.EmpNS.doRemove] - ==> Parameters: 2473(Integer)
2017-08-23 11:13:11,366 DEBUG [com.zhiyou100.ssm.vo.mapping.EmpNS.doRemove] - <==    Updates: 1
2017-08-23 11:13:11,506 INFO [com.zhiyou100.ssm.test.EmpServiceImplTest] - true
2017-08-23 11:46:57,068 INFO [org.springframework.context.support.ClassPathXmlApplicationContext] - Refreshing org.springframework.context.support.ClassPathXmlApplicationContext@71f2a7d5: startup date [Wed Aug 23 11:46:57 GMT+08:00 2017]; root of context hierarchy
2017-08-23 11:46:57,146 INFO [org.springframework.beans.factory.xml.XmlBeanDefinitionReader] - Loading XML bean definitions from class path resource [applicationContext.xml]
2017-08-23 11:46:58,144 INFO [com.mchange.v2.log.MLog] - MLog clients using log4j logging.
2017-08-23 11:46:58,348 INFO [com.mchange.v2.c3p0.C3P0Registry] - Initializing c3p0-0.9.1.2 [built 21-May-2007 15:04:56; debug? true; trace: 10]
2017-08-23 11:46:59,003 INFO [com.mchange.v2.c3p0.impl.AbstractPoolBackedDataSource] - Initializing c3p0 pool... com.mchange.v2.c3p0.ComboPooledDataSource [ acquireIncrement -> 3, acquireRetryAttempts -> 30, acquireRetryDelay -> 1000, autoCommitOnClose -> false, automaticTestTable -> null, breakAfterAcquireFailure -> false, checkoutTimeout -> 0, connectionCustomizerClassName -> null, connectionTesterClassName -> com.mchange.v2.c3p0.impl.DefaultConnectionTester, dataSourceName -> 1hge21c9q3nur671gsb1zp|53976f5c, debugUnreturnedConnectionStackTraces -> false, description -> null, driverClass -> org.gjt.mm.mysql.Driver, factoryClassLocation -> null, forceIgnoreUnresolvedTransactions -> false, identityToken -> 1hge21c9q3nur671gsb1zp|53976f5c, idleConnectionTestPeriod -> 0, initialPoolSize -> 1, jdbcUrl -> jdbc:mysql://localhost:3306/crm, maxAdministrativeTaskTime -> 0, maxConnectionAge -> 0, maxIdleTime -> 1, maxIdleTimeExcessConnections -> 0, maxPoolSize -> 1, maxStatements -> 0, maxStatementsPerConnection -> 0, minPoolSize -> 1, numHelperThreads -> 3, numThreadsAwaitingCheckoutDefaultUser -> 0, preferredTestQuery -> null, properties -> {user=******, password=******}, propertyCycle -> 0, testConnectionOnCheckin -> false, testConnectionOnCheckout -> false, unreturnedConnectionTimeout -> 0, usesTraditionalReflectiveProxies -> false ]
2017-08-23 11:46:59,393 DEBUG [com.zhiyou100.ssm.vo.mapping.EmpNS.doUpdate] - ==>  Preparing: UPDATE emp SET deptno=?,ename=?,job=?,sal=?,comm=?,mgr=?, hiredate=?,create_time=? WHERE empno=? 
2017-08-23 11:46:59,440 DEBUG [com.zhiyou100.ssm.vo.mapping.EmpNS.doUpdate] - ==> Parameters: 87(Integer), 小红4376(String), 程序员(String), 18521.0(Double), 39993.0(Double), 2042(Integer), 2001-09-16 03:30:07.438(Timestamp), 2001-09-16 03:30:07.438(Timestamp), 3004(Integer)
2017-08-23 11:46:59,628 DEBUG [com.zhiyou100.ssm.vo.mapping.EmpNS.doUpdate] - <==    Updates: 1
2017-08-23 11:46:59,675 INFO [com.zhiyou100.ssm.test.EmpServiceImplTest] - true
2017-08-23 14:27:23,053 INFO [org.springframework.context.support.ClassPathXmlApplicationContext] - Refreshing org.springframework.context.support.ClassPathXmlApplicationContext@71f2a7d5: startup date [Wed Aug 23 14:27:23 GMT+08:00 2017]; root of context hierarchy
2017-08-23 14:27:23,115 INFO [org.springframework.beans.factory.xml.XmlBeanDefinitionReader] - Loading XML bean definitions from class path resource [applicationContext.xml]
2017-08-23 14:27:24,036 INFO [com.mchange.v2.log.MLog] - MLog clients using log4j logging.
2017-08-23 14:27:24,224 INFO [com.mchange.v2.c3p0.C3P0Registry] - Initializing c3p0-0.9.1.2 [built 21-May-2007 15:04:56; debug? true; trace: 10]
2017-08-23 14:27:24,926 INFO [com.mchange.v2.c3p0.impl.AbstractPoolBackedDataSource] - Initializing c3p0 pool... com.mchange.v2.c3p0.ComboPooledDataSource [ acquireIncrement -> 3, acquireRetryAttempts -> 30, acquireRetryDelay -> 1000, autoCommitOnClose -> false, automaticTestTable -> null, breakAfterAcquireFailure -> false, checkoutTimeout -> 0, connectionCustomizerClassName -> null, connectionTesterClassName -> com.mchange.v2.c3p0.impl.DefaultConnectionTester, dataSourceName -> 1hge21c9q3tl2k21jb3fv8|29e495ff, debugUnreturnedConnectionStackTraces -> false, description -> null, driverClass -> org.gjt.mm.mysql.Driver, factoryClassLocation -> null, forceIgnoreUnresolvedTransactions -> false, identityToken -> 1hge21c9q3tl2k21jb3fv8|29e495ff, idleConnectionTestPeriod -> 0, initialPoolSize -> 1, jdbcUrl -> jdbc:mysql://localhost:3306/crm, maxAdministrativeTaskTime -> 0, maxConnectionAge -> 0, maxIdleTime -> 1, maxIdleTimeExcessConnections -> 0, maxPoolSize -> 1, maxStatements -> 0, maxStatementsPerConnection -> 0, minPoolSize -> 1, numHelperThreads -> 3, numThreadsAwaitingCheckoutDefaultUser -> 0, preferredTestQuery -> null, properties -> {user=******, password=******}, propertyCycle -> 0, testConnectionOnCheckin -> false, testConnectionOnCheckout -> false, unreturnedConnectionTimeout -> 0, usesTraditionalReflectiveProxies -> false ]
2017-08-23 14:27:25,363 DEBUG [com.zhiyou100.ssm.vo.mapping.EmpNS.findById] - ==>  Preparing: SELECT empno,deptno,ename,job,sal,comm,mgr,hiredate,create_time as createTime FROM emp WHERE empno=? 
2017-08-23 14:27:25,409 DEBUG [com.zhiyou100.ssm.vo.mapping.EmpNS.findById] - ==> Parameters: 3004(Integer)
2017-08-23 14:27:25,459 TRACE [com.zhiyou100.ssm.vo.mapping.EmpNS.findById] - <==    Columns: empno, deptno, ename, job, sal, comm, mgr, hiredate, createTime
2017-08-23 14:27:25,464 TRACE [com.zhiyou100.ssm.vo.mapping.EmpNS.findById] - <==        Row: 3004, 87, 小红4376, 程序员, 18521.00, 39993.00, 2042, 2001-09-16, 2001-09-16
2017-08-23 14:27:25,468 DEBUG [com.zhiyou100.ssm.vo.mapping.EmpNS.findById] - <==      Total: 1
2017-08-23 14:27:25,477 INFO [com.zhiyou100.ssm.test.EmpServiceImplTest] - Emp [empno=3004, deptno=87, ename=小红4376, job=程序员, sal=18521.0, comm=39993.0, mgr=2042, hiredate=Sun Sep 16 00:00:00 GMT+08:00 2001, createTime=Sun Sep 16 00:00:00 GMT+08:00 2001]
2017-08-23 17:39:49,601 INFO [org.springframework.context.support.ClassPathXmlApplicationContext] - Refreshing org.springframework.context.support.ClassPathXmlApplicationContext@71f2a7d5: startup date [Wed Aug 23 17:39:49 GMT+08:00 2017]; root of context hierarchy
2017-08-23 17:39:49,679 INFO [org.springframework.beans.factory.xml.XmlBeanDefinitionReader] - Loading XML bean definitions from class path resource [applicationContext.xml]
2017-08-23 17:39:50,912 INFO [com.mchange.v2.log.MLog] - MLog clients using log4j logging.
2017-08-23 17:39:51,207 INFO [com.mchange.v2.c3p0.C3P0Registry] - Initializing c3p0-0.9.1.2 [built 21-May-2007 15:04:56; debug? true; trace: 10]
2017-08-23 17:39:52,002 INFO [com.mchange.v2.c3p0.impl.AbstractPoolBackedDataSource] - Initializing c3p0 pool... com.mchange.v2.c3p0.ComboPooledDataSource [ acquireIncrement -> 3, acquireRetryAttempts -> 30, acquireRetryDelay -> 1000, autoCommitOnClose -> false, automaticTestTable -> null, breakAfterAcquireFailure -> false, checkoutTimeout -> 0, connectionCustomizerClassName -> null, connectionTesterClassName -> com.mchange.v2.c3p0.impl.DefaultConnectionTester, dataSourceName -> 1hge21c9q40gk7w19pkhq5|20f5239f, debugUnreturnedConnectionStackTraces -> false, description -> null, driverClass -> org.gjt.mm.mysql.Driver, factoryClassLocation -> null, forceIgnoreUnresolvedTransactions -> false, identityToken -> 1hge21c9q40gk7w19pkhq5|20f5239f, idleConnectionTestPeriod -> 0, initialPoolSize -> 1, jdbcUrl -> jdbc:mysql://localhost:3306/crm, maxAdministrativeTaskTime -> 0, maxConnectionAge -> 0, maxIdleTime -> 1, maxIdleTimeExcessConnections -> 0, maxPoolSize -> 1, maxStatements -> 0, maxStatementsPerConnection -> 0, minPoolSize -> 1, numHelperThreads -> 3, numThreadsAwaitingCheckoutDefaultUser -> 0, preferredTestQuery -> null, properties -> {user=******, password=******}, propertyCycle -> 0, testConnectionOnCheckin -> false, testConnectionOnCheckout -> false, unreturnedConnectionTimeout -> 0, usesTraditionalReflectiveProxies -> false ]
2017-08-23 17:41:20,753 INFO [org.springframework.context.support.ClassPathXmlApplicationContext] - Refreshing org.springframework.context.support.ClassPathXmlApplicationContext@71f2a7d5: startup date [Wed Aug 23 17:41:20 GMT+08:00 2017]; root of context hierarchy
2017-08-23 17:41:20,816 INFO [org.springframework.beans.factory.xml.XmlBeanDefinitionReader] - Loading XML bean definitions from class path resource [applicationContext.xml]
2017-08-23 17:41:22,079 INFO [com.mchange.v2.log.MLog] - MLog clients using log4j logging.
2017-08-23 17:41:22,314 INFO [com.mchange.v2.c3p0.C3P0Registry] - Initializing c3p0-0.9.1.2 [built 21-May-2007 15:04:56; debug? true; trace: 10]
2017-08-23 17:41:23,032 INFO [com.mchange.v2.c3p0.impl.AbstractPoolBackedDataSource] - Initializing c3p0 pool... com.mchange.v2.c3p0.ComboPooledDataSource [ acquireIncrement -> 3, acquireRetryAttempts -> 30, acquireRetryDelay -> 1000, autoCommitOnClose -> false, automaticTestTable -> null, breakAfterAcquireFailure -> false, checkoutTimeout -> 0, connectionCustomizerClassName -> null, connectionTesterClassName -> com.mchange.v2.c3p0.impl.DefaultConnectionTester, dataSourceName -> 1hge21c9q40iijjas73r1|20f5239f, debugUnreturnedConnectionStackTraces -> false, description -> null, driverClass -> org.gjt.mm.mysql.Driver, factoryClassLocation -> null, forceIgnoreUnresolvedTransactions -> false, identityToken -> 1hge21c9q40iijjas73r1|20f5239f, idleConnectionTestPeriod -> 0, initialPoolSize -> 1, jdbcUrl -> jdbc:mysql://localhost:3306/crm, maxAdministrativeTaskTime -> 0, maxConnectionAge -> 0, maxIdleTime -> 1, maxIdleTimeExcessConnections -> 0, maxPoolSize -> 1, maxStatements -> 0, maxStatementsPerConnection -> 0, minPoolSize -> 1, numHelperThreads -> 3, numThreadsAwaitingCheckoutDefaultUser -> 0, preferredTestQuery -> null, properties -> {user=******, password=******}, propertyCycle -> 0, testConnectionOnCheckin -> false, testConnectionOnCheckout -> false, unreturnedConnectionTimeout -> 0, usesTraditionalReflectiveProxies -> false ]
2017-08-23 17:41:23,562 INFO [com.zhiyou100.ssm.test.EmpServiceImplTest] - true
